<?xml version="1.0" encoding="UTF-8"?>
<testng-results ignored="0" total="1" passed="1" failed="0" skipped="0">
  <reporter-output>
  </reporter-output>
  <suite started-at="2023-04-10T11:55:18 IST" name="Suite" finished-at="2023-04-10T11:55:28 IST" duration-ms="9948">
    <groups>
    </groups>
    <test started-at="2023-04-10T11:55:18 IST" name="Test" finished-at="2023-04-10T11:55:28 IST" duration-ms="9948">
      <class name="com.testcases.EC_004Signup">
        <test-method is-config="true" signature="setup()[pri:0, instance:com.testcases.EC_004Signup@247d8ae]" started-at="2023-04-10T11:55:00 IST" name="setup" finished-at="2023-04-10T11:55:18 IST" duration-ms="17707" status="PASS">
          <reporter-output>
          </reporter-output>
        </test-method> <!-- setup -->
        <test-method signature="signupfailure()[pri:0, instance:com.testcases.EC_004Signup@247d8ae]" started-at="2023-04-10T11:55:18 IST" name="signupfailure" finished-at="2023-04-10T11:55:28 IST" duration-ms="9858" status="PASS">
          <reporter-output>
          </reporter-output>
        </test-method> <!-- signupfailure -->
        <test-method is-config="true" signature="teardown()[pri:0, instance:com.testcases.EC_004Signup@247d8ae]" started-at="2023-04-10T11:55:28 IST" name="teardown" finished-at="2023-04-10T11:55:28 IST" duration-ms="1" status="PASS">
          <reporter-output>
          </reporter-output>
        </test-method> <!-- teardown -->
      </class> <!-- com.testcases.EC_004Signup -->
    </test> <!-- Test -->
  </suite> <!-- Suite -->
</testng-results>
